<?xml version="1.0" encoding="UTF-8"?>
<!-- Generated by org.testng.reporters.JUnitReportReporter -->
<testsuite skipped="0" hostname="Isha-PC" name="practice_JAVA.String_UpperLowerSTRING" tests="1" failures="0" timestamp="13 Jul 2018 11:48:01 GMT" time="28.272" errors="0">
  <testcase name="stringUpperLower" time="28.272" classname="practice_JAVA.String_UpperLowerSTRING"/>
</testsuite> <!-- practice_JAVA.String_UpperLowerSTRING -->
