<?xml version="1.0" encoding="UTF-8"?>
<!-- Generated by org.testng.reporters.JUnitReportReporter -->
<testsuite skipped="0" hostname="Isha-PC" name="practice_JAVA.BinarySearch" tests="1" failures="0" timestamp="13 Jul 2018 11:48:01 GMT" time="0.005" errors="0">
  <testcase name="binarySearch" time="0.005" classname="practice_JAVA.BinarySearch"/>
</testsuite> <!-- practice_JAVA.BinarySearch -->
