<?xml version="1.0" encoding="UTF-8"?>
<!-- Generated by org.testng.reporters.JUnitReportReporter -->
<testsuite skipped="0" hostname="Isha-PC" name="practice_JAVA.BasicJavaConcepts" tests="2" failures="0" timestamp="13 Jul 2018 11:48:01 GMT" time="0.012" errors="0">
  <testcase name="printB" time="0.006" classname="practice_JAVA.BasicJavaConcepts"/>
  <testcase name="printA" time="0.006" classname="practice_JAVA.BasicJavaConcepts"/>
</testsuite> <!-- practice_JAVA.BasicJavaConcepts -->
