<?xml version="1.0" encoding="UTF-8"?>
<!-- Generated by org.testng.reporters.JUnitReportReporter -->
<testsuite skipped="0" hostname="Isha-PC" name="practice_JAVA.Array_Compare_Two_Arrays" tests="1" failures="0" timestamp="16 Jul 2018 17:22:01 GMT" time="0.052" errors="0">
  <testcase name="compare_arrays" time="0.052" classname="practice_JAVA.Array_Compare_Two_Arrays"/>
</testsuite> <!-- practice_JAVA.Array_Compare_Two_Arrays -->
