<?xml version="1.0" encoding="UTF-8"?>
<!-- Generated by org.testng.reporters.JUnitReportReporter -->
<testsuite skipped="0" hostname="Isha-PC" name="practice_JAVA.String_To_StringArray_Reverse" tests="1" failures="0" timestamp="13 Jul 2018 13:32:46 GMT" time="0.159" errors="0">
  <testcase name="stringToArray" time="0.159" classname="practice_JAVA.String_To_StringArray_Reverse"/>
</testsuite> <!-- practice_JAVA.String_To_StringArray_Reverse -->
