<?xml version="1.0" encoding="UTF-8"?>
<!-- Generated by org.testng.reporters.JUnitReportReporter -->
<testsuite skipped="0" hostname="Isha-PC" name="practice_JAVA.String_UpperLowerSTRING" tests="1" failures="0" timestamp="13 Jul 2018 13:32:46 GMT" time="36.146" errors="0">
  <testcase name="stringUpperLower" time="36.146" classname="practice_JAVA.String_UpperLowerSTRING"/>
</testsuite> <!-- practice_JAVA.String_UpperLowerSTRING -->
