<?xml version="1.0" encoding="UTF-8"?>
<!-- Generated by org.testng.reporters.JUnitReportReporter -->
<testsuite skipped="0" hostname="Isha-PC" name="practice_JAVA.Array_HIGHEST_Element" tests="1" failures="0" timestamp="16 Jul 2018 17:22:01 GMT" time="0.001" errors="0">
  <testcase name="array_Highest" time="0.001" classname="practice_JAVA.Array_HIGHEST_Element"/>
</testsuite> <!-- practice_JAVA.Array_HIGHEST_Element -->
