<?xml version="1.0" encoding="UTF-8"?>
<!-- Generated by org.testng.reporters.JUnitReportReporter -->
<testsuite skipped="0" hostname="Isha-PC" name="practice_JAVA.Array_Copy_to_AnotherArray" tests="1" failures="0" timestamp="16 Jul 2018 17:22:01 GMT" time="0.002" errors="0">
  <testcase name="copyArrays" time="0.002" classname="practice_JAVA.Array_Copy_to_AnotherArray"/>
</testsuite> <!-- practice_JAVA.Array_Copy_to_AnotherArray -->
