<?xml version="1.0" encoding="UTF-8"?>
<!-- Generated by org.testng.reporters.JUnitReportReporter -->
<testsuite skipped="0" hostname="Isha-PC" name="practice_JAVA.BasicJavaConcepts" tests="4" failures="0" timestamp="16 Jul 2018 17:22:01 GMT" time="0.005" errors="0">
  <testcase name="printB" time="0.001" classname="practice_JAVA.BasicJavaConcepts"/>
  <testcase name="printB" time="0.002" classname="practice_JAVA.BasicJavaConcepts"/>
  <testcase name="printA" time="0.001" classname="practice_JAVA.BasicJavaConcepts"/>
  <testcase name="printA" time="0.001" classname="practice_JAVA.BasicJavaConcepts"/>
</testsuite> <!-- practice_JAVA.BasicJavaConcepts -->
